  GameEngine.cpp
C:\Development\UppsideDown\TheUppsideDown\TheUppsideDown\GUI\Button.hpp(31,1): warning C4305: 'argument': truncation from 'double' to 'T'
          with
          [
              T=float
          ]
C:\Development\UppsideDown\TheUppsideDown\TheUppsideDown\GUI\Button.hpp(36,125): warning C4244: 'argument': conversion from 'double' to 'float', possible loss of data
  OptionsMenuState.cpp
C:\Development\UppsideDown\TheUppsideDown\TheUppsideDown\GUI\Button.hpp(31,1): warning C4305: 'argument': truncation from 'double' to 'T'
          with
          [
              T=float
          ]
C:\Development\UppsideDown\TheUppsideDown\TheUppsideDown\GUI\Button.hpp(36,125): warning C4244: 'argument': conversion from 'double' to 'float', possible loss of data
C:\Development\UppsideDown\TheUppsideDown\TheUppsideDown\States\OptionsMenuState.cpp(76,27): warning C4244: 'initializing': conversion from 'double' to 'float', possible loss of data
C:\Development\UppsideDown\TheUppsideDown\TheUppsideDown\States\OptionsMenuState.cpp(77,28): warning C4244: 'initializing': conversion from 'double' to 'float', possible loss of data
C:\Development\UppsideDown\TheUppsideDown\TheUppsideDown\States\OptionsMenuState.cpp(78,23): warning C4244: 'initializing': conversion from 'double' to 'float', possible loss of data
C:\Development\UppsideDown\TheUppsideDown\TheUppsideDown\States\OptionsMenuState.cpp(79,23): warning C4244: 'initializing': conversion from 'double' to 'float', possible loss of data
C:\Development\UppsideDown\TheUppsideDown\TheUppsideDown\States\OptionsMenuState.cpp(80,24): warning C4244: 'initializing': conversion from 'double' to 'float', possible loss of data
C:\Development\UppsideDown\TheUppsideDown\TheUppsideDown\States\OptionsMenuState.cpp(81,24): warning C4244: 'initializing': conversion from 'double' to 'float', possible loss of data
C:\Development\UppsideDown\TheUppsideDown\TheUppsideDown\States\OptionsMenuState.cpp(98,63): warning C4305: 'argument': truncation from 'double' to 'T'
          with
          [
              T=float
          ]
  Generating code
  5 of 353 functions ( 1.4%) were compiled, the rest were copied from previous compilation.
    0 functions were new in current compilation
    3 functions had inline decision re-evaluated but remain unchanged
  Finished generating code
  TheUppsideDown.vcxproj -> C:\Development\UppsideDown\TheUppsideDown\x64\Release\TheUppsideDown.exe
